<?xml version="1.0" encoding="UTF-8"?>
<testsuite name="ghost.WakaTest" tests="4" skipped="0" failures="0" errors="0" timestamp="2023-09-27T01:38:50" hostname="Evas-MacBook-Pro-2.local" time="0.015">
  <properties/>
  <testcase name="testCollectFruit()" classname="ghost.WakaTest" time="0.004"/>
  <testcase name="testTick()" classname="ghost.WakaTest" time="0.003"/>
  <testcase name="testConstrutor()" classname="ghost.WakaTest" time="0.003"/>
  <testcase name="testCheckWakaGhostCollision()" classname="ghost.WakaTest" time="0.002"/>
  <system-out><![CDATA[]]></system-out>
  <system-err><![CDATA[]]></system-err>
</testsuite>
