<?xml version="1.0" encoding="UTF-8"?>
<testsuite name="ghost.GhostTest" tests="8" skipped="0" failures="0" errors="0" timestamp="2023-09-27T01:38:49" hostname="Evas-MacBook-Pro-2.local" time="0.199">
  <properties/>
  <testcase name="testCheckScatterMode()" classname="ghost.GhostTest" time="0.005"/>
  <testcase name="testChooseDirection()" classname="ghost.GhostTest" time="0.006"/>
  <testcase name="testDraw()" classname="ghost.GhostTest" time="0.133"/>
  <testcase name="testTriggerFrightened()" classname="ghost.GhostTest" time="0.013"/>
  <testcase name="testToggleScatter()" classname="ghost.GhostTest" time="0.01"/>
  <testcase name="testEndFrightened()" classname="ghost.GhostTest" time="0.003"/>
  <testcase name="testCheckFrightenedEnd()" classname="ghost.GhostTest" time="0.004"/>
  <testcase name="testConstructor()" classname="ghost.GhostTest" time="0.004"/>
  <system-out><![CDATA[]]></system-out>
  <system-err><![CDATA[]]></system-err>
</testsuite>
