<?xml version="1.0" encoding="UTF-8"?>
<testsuite name="ghost.AmbusherTest" tests="2" skipped="0" failures="0" errors="0" timestamp="2023-09-27T01:38:47" hostname="Evas-MacBook-Pro-2.local" time="0.093">
  <properties/>
  <testcase name="testTick()" classname="ghost.AmbusherTest" time="0.085"/>
  <testcase name="testFindTarget()" classname="ghost.AmbusherTest" time="0.005"/>
  <system-out><![CDATA[]]></system-out>
  <system-err><![CDATA[]]></system-err>
</testsuite>
