<?xml version="1.0" encoding="UTF-8"?>
<testsuite name="ghost.IgnorantTest" tests="1" skipped="0" failures="0" errors="0" timestamp="2023-09-27T01:38:50" hostname="Evas-MacBook-Pro-2.local" time="0.003">
  <properties/>
  <testcase name="testTick()" classname="ghost.IgnorantTest" time="0.003"/>
  <system-out><![CDATA[]]></system-out>
  <system-err><![CDATA[]]></system-err>
</testsuite>
